1477508555145	geckodriver	INFO	Listening on 127.0.0.1:50300
1477508556145	mozprofile::profile	INFO	Using profile path /tmp/rust_mozprofile.odbIdRhjdABm
1477508556148	geckodriver::marionette	INFO	Starting browser /usr/bin/firefox
1477508556156	geckodriver::marionette	INFO	Connecting to Marionette on localhost:37590
1477508558360	Marionette	INFO	Listening on port 37590
1477508562586	Marionette	INFO	startBrowser e1431369-8b55-4e97-abd5-305253c72262

(firefox:3636): GLib-GObject-CRITICAL **: g_type_add_interface_static: assertion 'g_type_parent (interface_type) == G_TYPE_INTERFACE' failed

(firefox:3636): GLib-GObject-CRITICAL **: g_type_add_interface_static: assertion 'g_type_parent (interface_type) == G_TYPE_INTERFACE' failed

(firefox:3636): GLib-GObject-CRITICAL **: g_type_add_interface_static: assertion 'g_type_parent (interface_type) == G_TYPE_INTERFACE' failed

(firefox:3636): GLib-GObject-CRITICAL **: g_type_add_interface_static: assertion 'g_type_parent (interface_type) == G_TYPE_INTERFACE' failed

(firefox:3636): GLib-GObject-CRITICAL **: g_type_add_interface_static: assertion 'g_type_parent (interface_type) == G_TYPE_INTERFACE' failed

(firefox:3636): GLib-GObject-CRITICAL **: g_type_add_interface_static: assertion 'g_type_parent (interface_type) == G_TYPE_INTERFACE' failed

(firefox:3636): GLib-GObject-WARNING **: /build/glib2.0-7IO_Yw/glib2.0-2.48.1/./gobject/gsignal.c:3486: signal name 'selection_changed' is invalid for instance '0x7faa54843f60' of type 'MaiAtkType139'
1477508709509	geckodriver	INFO	Listening on 127.0.0.1:47345
1477508710508	mozprofile::profile	INFO	Using profile path /tmp/rust_mozprofile.yOI1NTHudSU4
1477508710512	geckodriver::marionette	INFO	Starting browser /usr/bin/firefox
1477508710516	geckodriver::marionette	INFO	Connecting to Marionette on localhost:43396
1477508712787	Marionette	INFO	Listening on port 43396
1477508717009	Marionette	INFO	startBrowser c98b69ac-e8b8-4b1a-9a92-23e2c34eec74

(firefox:3780): GLib-GObject-CRITICAL **: g_type_add_interface_static: assertion 'g_type_parent (interface_type) == G_TYPE_INTERFACE' failed

(firefox:3780): GLib-GObject-CRITICAL **: g_type_add_interface_static: assertion 'g_type_parent (interface_type) == G_TYPE_INTERFACE' failed

(firefox:3780): GLib-GObject-CRITICAL **: g_type_add_interface_static: assertion 'g_type_parent (interface_type) == G_TYPE_INTERFACE' failed

(firefox:3780): GLib-GObject-CRITICAL **: g_type_add_interface_static: assertion 'g_type_parent (interface_type) == G_TYPE_INTERFACE' failed

(firefox:3780): GLib-GObject-CRITICAL **: g_type_add_interface_static: assertion 'g_type_parent (interface_type) == G_TYPE_INTERFACE' failed

(firefox:3780): GLib-GObject-CRITICAL **: g_type_add_interface_static: assertion 'g_type_parent (interface_type) == G_TYPE_INTERFACE' failed
JavaScript warning: http://www.inoreader.com/include/site_js/index_js.js?v=10.5.1&ts=1477458971, line 4262: unreachable code after return statement
JavaScript warning: http://www.inoreader.com/include/site_js/index_js.js?v=10.5.1&ts=1477458971, line 5432: unreachable code after return statement
JavaScript warning: http://www.inoreader.com/include/site_js/index_js.js?v=10.5.1&ts=1477458971, line 6943: unreachable code after return statement
JavaScript warning: http://www.inoreader.com/include/site_js/index_js.js?v=10.5.1&ts=1477458971, line 8554: unreachable code after return statement
JavaScript warning: http://www.inoreader.com/include/site_js/index_js.js?v=10.5.1&ts=1477458971, line 9423: unreachable code after return statement
JavaScript warning: http://www.inoreader.com/include/site_js/index_js.js?v=10.5.1&ts=1477458971, line 9559: unreachable code after return statement
JavaScript warning: http://www.inoreader.com/include/site_js/index_js.js?v=10.5.1&ts=1477458971, line 11182: unreachable code after return statement
JavaScript warning: http://www.inoreader.com/include/site_js/index_js.js?v=10.5.1&ts=1477458971, line 14323: unreachable code after return statement
JavaScript warning: http://www.inoreader.com/include/site_js/index_js.js?v=10.5.1&ts=1477458971, line 4262: unreachable code after return statement
JavaScript warning: http://www.inoreader.com/include/site_js/index_js.js?v=10.5.1&ts=1477458971, line 9559: unreachable code after return statement
JavaScript warning: http://www.inoreader.com/include/site_js/index_js.js?v=10.5.1&ts=1477458971, line 11182: unreachable code after return statement
[Child 3831] WARNING: pipe error (3): Conexión reinicializada por la máquina remota: file /build/firefox-h19o_O/firefox-49.0+build4/ipc/chromium/src/chrome/common/ipc_channel_posix.cc, line 316
[Child 3831] ###!!! ABORT: Aborting on channel error.: file /build/firefox-h19o_O/firefox-49.0+build4/ipc/glue/MessageChannel.cpp, line 2052
[Child 3831] ###!!! ABORT: Aborting on channel error.: file /build/firefox-h19o_O/firefox-49.0+build4/ipc/glue/MessageChannel.cpp, line 2052
1477508987161	geckodriver	INFO	Listening on 127.0.0.1:42479
1477508988163	mozprofile::profile	INFO	Using profile path /tmp/rust_mozprofile.4UAqrdEWnAoq
1477508988165	geckodriver::marionette	INFO	Starting browser /usr/bin/firefox
1477508988172	geckodriver::marionette	INFO	Connecting to Marionette on localhost:36860
1477508990352	Marionette	INFO	Listening on port 36860
1477508994329	Marionette	INFO	startBrowser 9766577f-4eb5-4372-967c-319181c013b8

(firefox:3926): GLib-GObject-CRITICAL **: g_type_add_interface_static: assertion 'g_type_parent (interface_type) == G_TYPE_INTERFACE' failed

(firefox:3926): GLib-GObject-CRITICAL **: g_type_add_interface_static: assertion 'g_type_parent (interface_type) == G_TYPE_INTERFACE' failed

(firefox:3926): GLib-GObject-CRITICAL **: g_type_add_interface_static: assertion 'g_type_parent (interface_type) == G_TYPE_INTERFACE' failed

(firefox:3926): GLib-GObject-CRITICAL **: g_type_add_interface_static: assertion 'g_type_parent (interface_type) == G_TYPE_INTERFACE' failed

(firefox:3926): GLib-GObject-CRITICAL **: g_type_add_interface_static: assertion 'g_type_parent (interface_type) == G_TYPE_INTERFACE' failed

(firefox:3926): GLib-GObject-CRITICAL **: g_type_add_interface_static: assertion 'g_type_parent (interface_type) == G_TYPE_INTERFACE' failed
JavaScript warning: http://www.inoreader.com/include/site_js/index_js.js?v=10.5.1&ts=1477458971, line 4262: unreachable code after return statement
JavaScript warning: http://www.inoreader.com/include/site_js/index_js.js?v=10.5.1&ts=1477458971, line 5432: unreachable code after return statement
JavaScript warning: http://www.inoreader.com/include/site_js/index_js.js?v=10.5.1&ts=1477458971, line 6943: unreachable code after return statement
JavaScript warning: http://www.inoreader.com/include/site_js/index_js.js?v=10.5.1&ts=1477458971, line 8554: unreachable code after return statement
JavaScript warning: http://www.inoreader.com/include/site_js/index_js.js?v=10.5.1&ts=1477458971, line 9423: unreachable code after return statement
JavaScript warning: http://www.inoreader.com/include/site_js/index_js.js?v=10.5.1&ts=1477458971, line 9559: unreachable code after return statement
JavaScript warning: http://www.inoreader.com/include/site_js/index_js.js?v=10.5.1&ts=1477458971, line 11182: unreachable code after return statement
JavaScript warning: http://www.inoreader.com/include/site_js/index_js.js?v=10.5.1&ts=1477458971, line 14323: unreachable code after return statement
JavaScript warning: http://www.inoreader.com/include/site_js/index_js.js?v=10.5.1&ts=1477458971, line 4262: unreachable code after return statement
JavaScript warning: http://www.inoreader.com/include/site_js/index_js.js?v=10.5.1&ts=1477458971, line 9559: unreachable code after return statement
JavaScript warning: http://www.inoreader.com/include/site_js/index_js.js?v=10.5.1&ts=1477458971, line 11182: unreachable code after return statement
*************************
A coding exception was thrown and uncaught in a Task.

Full message: TypeError: this.browser.getBrowserForTab is not a function
Full stack: hasRemotenessChange@chrome://marionette/content/browser.js:219:27
executeWhenReady@chrome://marionette/content/browser.js:250:9
GeckoDriver.prototype.sendAsync@chrome://marionette/content/driver.js:221:5
send/<@chrome://marionette/content/proxy.js:138:7
send@chrome://marionette/content/proxy.js:105:12
ownPriorityGetterTrap.get/<@chrome://marionette/content/proxy.js:24:25
GeckoDriver.prototype.sendKeysToElement@chrome://marionette/content/driver.js:2017:13
TaskImpl_run@resource://gre/modules/Task.jsm:319:40
TaskImpl@resource://gre/modules/Task.jsm:280:3
createAsyncFunction/asyncFunction@resource://gre/modules/Task.jsm:254:14
Task_spawn@resource://gre/modules/Task.jsm:168:12
TaskImpl_handleResultValue@resource://gre/modules/Task.jsm:388:16
TaskImpl_run@resource://gre/modules/Task.jsm:327:13
TaskImpl@resource://gre/modules/Task.jsm:280:3
createAsyncFunction/asyncFunction@resource://gre/modules/Task.jsm:254:14
Task_spawn@resource://gre/modules/Task.jsm:168:12
Dispatcher.prototype.execute@chrome://marionette/content/dispatcher.js:117:13
Dispatcher.prototype.onPacket@chrome://marionette/content/dispatcher.js:88:5
DebuggerTransport.prototype._onJSONObjectReady/<@chrome://marionette/content/server.js -> resource://devtools/shared/transport/transport.js:479:11
exports.makeInfallible/<@resource://gre/modules/commonjs/toolkit/loader.js -> resource://devtools/shared/ThreadSafeDevToolsUtils.js:101:14
exports.makeInfallible/<@resource://gre/modules/commonjs/toolkit/loader.js -> resource://devtools/shared/ThreadSafeDevToolsUtils.js:101:14

*************************
*************************
A coding exception was thrown and uncaught in a Task.

Full message: TypeError: this.browser.getBrowserForTab is not a function
Full stack: hasRemotenessChange@chrome://marionette/content/browser.js:219:27
executeWhenReady@chrome://marionette/content/browser.js:250:9
GeckoDriver.prototype.sendAsync@chrome://marionette/content/driver.js:221:5
send/<@chrome://marionette/content/proxy.js:138:7
send@chrome://marionette/content/proxy.js:105:12
ownPriorityGetterTrap.get/<@chrome://marionette/content/proxy.js:24:25
GeckoDriver.prototype.sendKeysToElement@chrome://marionette/content/driver.js:2017:13
TaskImpl_run@resource://gre/modules/Task.jsm:319:40
TaskImpl@resource://gre/modules/Task.jsm:280:3
createAsyncFunction/asyncFunction@resource://gre/modules/Task.jsm:254:14
Task_spawn@resource://gre/modules/Task.jsm:168:12
TaskImpl_handleResultValue@resource://gre/modules/Task.jsm:388:16
TaskImpl_run@resource://gre/modules/Task.jsm:327:13
TaskImpl@resource://gre/modules/Task.jsm:280:3
createAsyncFunction/asyncFunction@resource://gre/modules/Task.jsm:254:14
Task_spawn@resource://gre/modules/Task.jsm:168:12
Dispatcher.prototype.execute@chrome://marionette/content/dispatcher.js:117:13
Dispatcher.prototype.onPacket@chrome://marionette/content/dispatcher.js:88:5
DebuggerTransport.prototype._onJSONObjectReady/<@chrome://marionette/content/server.js -> resource://devtools/shared/transport/transport.js:479:11
exports.makeInfallible/<@resource://gre/modules/commonjs/toolkit/loader.js -> resource://devtools/shared/ThreadSafeDevToolsUtils.js:101:14
exports.makeInfallible/<@resource://gre/modules/commonjs/toolkit/loader.js -> resource://devtools/shared/ThreadSafeDevToolsUtils.js:101:14

*************************
*************************
A coding exception was thrown in a Promise rejection callback.
See https://developer.mozilla.org/Mozilla/JavaScript_code_modules/Promise.jsm/Promise

Full message: TypeError: this.browser.getBrowserForTab is not a function
Full stack: hasRemotenessChange@chrome://marionette/content/browser.js:219:27
executeWhenReady@chrome://marionette/content/browser.js:250:9
GeckoDriver.prototype.sendAsync@chrome://marionette/content/driver.js:221:5
send/<@chrome://marionette/content/proxy.js:138:7
send@chrome://marionette/content/proxy.js:105:12
ownPriorityGetterTrap.get/<@chrome://marionette/content/proxy.js:24:25
GeckoDriver.prototype.sendKeysToElement@chrome://marionette/content/driver.js:2017:13
TaskImpl_run@resource://gre/modules/Task.jsm:319:40
TaskImpl@resource://gre/modules/Task.jsm:280:3
createAsyncFunction/asyncFunction@resource://gre/modules/Task.jsm:254:14
Task_spawn@resource://gre/modules/Task.jsm:168:12
TaskImpl_handleResultValue@resource://gre/modules/Task.jsm:388:16
TaskImpl_run@resource://gre/modules/Task.jsm:327:13
TaskImpl@resource://gre/modules/Task.jsm:280:3
createAsyncFunction/asyncFunction@resource://gre/modules/Task.jsm:254:14
Task_spawn@resource://gre/modules/Task.jsm:168:12
Dispatcher.prototype.execute@chrome://marionette/content/dispatcher.js:117:13
Dispatcher.prototype.onPacket@chrome://marionette/content/dispatcher.js:88:5
DebuggerTransport.prototype._onJSONObjectReady/<@chrome://marionette/content/server.js -> resource://devtools/shared/transport/transport.js:479:11
exports.makeInfallible/<@resource://gre/modules/commonjs/toolkit/loader.js -> resource://devtools/shared/ThreadSafeDevToolsUtils.js:101:14
exports.makeInfallible/<@resource://gre/modules/commonjs/toolkit/loader.js -> resource://devtools/shared/ThreadSafeDevToolsUtils.js:101:14

*************************
Marionette threw an error: TypeError: this.browser.getBrowserForTab is not a function
hasRemotenessChange@chrome://marionette/content/browser.js:219:27
executeWhenReady@chrome://marionette/content/browser.js:250:9
GeckoDriver.prototype.sendAsync@chrome://marionette/content/driver.js:221:5
send/<@chrome://marionette/content/proxy.js:138:7
send@chrome://marionette/content/proxy.js:105:12
ownPriorityGetterTrap.get/<@chrome://marionette/content/proxy.js:24:25
GeckoDriver.prototype.sendKeysToElement@chrome://marionette/content/driver.js:2017:13
TaskImpl_run@resource://gre/modules/Task.jsm:319:40
TaskImpl@resource://gre/modules/Task.jsm:280:3
createAsyncFunction/asyncFunction@resource://gre/modules/Task.jsm:254:14
Task_spawn@resource://gre/modules/Task.jsm:168:12
TaskImpl_handleResultValue@resource://gre/modules/Task.jsm:388:16
TaskImpl_run@resource://gre/modules/Task.jsm:327:13
TaskImpl@resource://gre/modules/Task.jsm:280:3
createAsyncFunction/asyncFunction@resource://gre/modules/Task.jsm:254:14
Task_spawn@resource://gre/modules/Task.jsm:168:12
Dispatcher.prototype.execute@chrome://marionette/content/dispatcher.js:117:13
Dispatcher.prototype.onPacket@chrome://marionette/content/dispatcher.js:88:5
DebuggerTransport.prototype._onJSONObjectReady/<@chrome://marionette/content/server.js -> resource://devtools/shared/transport/transport.js:479:11
exports.makeInfallible/<@resource://gre/modules/commonjs/toolkit/loader.js -> resource://devtools/shared/ThreadSafeDevToolsUtils.js:101:14
exports.makeInfallible/<@resource://gre/modules/commonjs/toolkit/loader.js -> resource://devtools/shared/ThreadSafeDevToolsUtils.js:101:14

[GFX1-]: Receive IPC close with reason=AbnormalShutdown
[Child 3979] WARNING: pipe error (3): Conexión reinicializada por la máquina remota: file /build/firefox-h19o_O/firefox-49.0+build4/ipc/chromium/src/chrome/common/ipc_channel_posix.cc, line 316
1477509597545	geckodriver	INFO	Listening on 127.0.0.1:39610
1477509598540	mozprofile::profile	INFO	Using profile path /tmp/rust_mozprofile.olEObHfOSU6S
1477509598543	geckodriver::marionette	INFO	Starting browser /usr/bin/firefox
1477509598552	geckodriver::marionette	INFO	Connecting to Marionette on localhost:44229
1477509600762	Marionette	INFO	Listening on port 44229
1477509604716	Marionette	INFO	startBrowser 25878fdc-89c3-46b4-8a2a-11a69355524e

(firefox:4168): GLib-GObject-CRITICAL **: g_type_add_interface_static: assertion 'g_type_parent (interface_type) == G_TYPE_INTERFACE' failed

(firefox:4168): GLib-GObject-CRITICAL **: g_type_add_interface_static: assertion 'g_type_parent (interface_type) == G_TYPE_INTERFACE' failed

(firefox:4168): GLib-GObject-CRITICAL **: g_type_add_interface_static: assertion 'g_type_parent (interface_type) == G_TYPE_INTERFACE' failed

(firefox:4168): GLib-GObject-CRITICAL **: g_type_add_interface_static: assertion 'g_type_parent (interface_type) == G_TYPE_INTERFACE' failed

(firefox:4168): GLib-GObject-CRITICAL **: g_type_add_interface_static: assertion 'g_type_parent (interface_type) == G_TYPE_INTERFACE' failed

(firefox:4168): GLib-GObject-CRITICAL **: g_type_add_interface_static: assertion 'g_type_parent (interface_type) == G_TYPE_INTERFACE' failed
JavaScript warning: http://www.inoreader.com/include/site_js/index_js.js?v=10.5.1&ts=1477458971, line 4262: unreachable code after return statement
JavaScript warning: http://www.inoreader.com/include/site_js/index_js.js?v=10.5.1&ts=1477458971, line 5432: unreachable code after return statement
JavaScript warning: http://www.inoreader.com/include/site_js/index_js.js?v=10.5.1&ts=1477458971, line 6943: unreachable code after return statement
JavaScript warning: http://www.inoreader.com/include/site_js/index_js.js?v=10.5.1&ts=1477458971, line 8554: unreachable code after return statement
JavaScript warning: http://www.inoreader.com/include/site_js/index_js.js?v=10.5.1&ts=1477458971, line 9423: unreachable code after return statement
JavaScript warning: http://www.inoreader.com/include/site_js/index_js.js?v=10.5.1&ts=1477458971, line 9559: unreachable code after return statement
JavaScript warning: http://www.inoreader.com/include/site_js/index_js.js?v=10.5.1&ts=1477458971, line 11182: unreachable code after return statement
JavaScript warning: http://www.inoreader.com/include/site_js/index_js.js?v=10.5.1&ts=1477458971, line 14323: unreachable code after return statement
JavaScript warning: http://www.inoreader.com/include/site_js/index_js.js?v=10.5.1&ts=1477458971, line 4262: unreachable code after return statement
JavaScript warning: http://www.inoreader.com/include/site_js/index_js.js?v=10.5.1&ts=1477458971, line 9559: unreachable code after return statement
JavaScript warning: http://www.inoreader.com/include/site_js/index_js.js?v=10.5.1&ts=1477458971, line 11182: unreachable code after return statement
[Child 4218] ###!!! ABORT: Aborting on channel error.: file /build/firefox-h19o_O/firefox-49.0+build4/ipc/glue/MessageChannel.cpp, line 2052
[Child 4218] ###!!! ABORT: Aborting on channel error.: file /build/firefox-h19o_O/firefox-49.0+build4/ipc/glue/MessageChannel.cpp, line 2052
1477509648766	geckodriver	INFO	Listening on 127.0.0.1:60648
1477509649764	mozprofile::profile	INFO	Using profile path /tmp/rust_mozprofile.oUaOeCWDEfT4
1477509649767	geckodriver::marionette	INFO	Starting browser /usr/bin/firefox
1477509649777	geckodriver::marionette	INFO	Connecting to Marionette on localhost:37923
1477509651975	Marionette	INFO	Listening on port 37923
1477509655984	Marionette	INFO	startBrowser 187b6d38-b79c-44d9-b8c1-9eea57f9e720

(firefox:4288): GLib-GObject-CRITICAL **: g_type_add_interface_static: assertion 'g_type_parent (interface_type) == G_TYPE_INTERFACE' failed

(firefox:4288): GLib-GObject-CRITICAL **: g_type_add_interface_static: assertion 'g_type_parent (interface_type) == G_TYPE_INTERFACE' failed

(firefox:4288): GLib-GObject-CRITICAL **: g_type_add_interface_static: assertion 'g_type_parent (interface_type) == G_TYPE_INTERFACE' failed

(firefox:4288): GLib-GObject-CRITICAL **: g_type_add_interface_static: assertion 'g_type_parent (interface_type) == G_TYPE_INTERFACE' failed

(firefox:4288): GLib-GObject-CRITICAL **: g_type_add_interface_static: assertion 'g_type_parent (interface_type) == G_TYPE_INTERFACE' failed

(firefox:4288): GLib-GObject-CRITICAL **: g_type_add_interface_static: assertion 'g_type_parent (interface_type) == G_TYPE_INTERFACE' failed
1477509700546	geckodriver	INFO	Listening on 127.0.0.1:49026
1477509701544	mozprofile::profile	INFO	Using profile path /tmp/rust_mozprofile.qZut4U8rfMCz
1477509701547	geckodriver::marionette	INFO	Starting browser /usr/bin/firefox
1477509701560	geckodriver::marionette	INFO	Connecting to Marionette on localhost:38546
1477509703777	Marionette	INFO	Listening on port 38546
1477509709101	Marionette	INFO	startBrowser 93d822bb-e06e-484b-ae9f-c3996eccd42f

(firefox:4386): GLib-GObject-CRITICAL **: g_type_add_interface_static: assertion 'g_type_parent (interface_type) == G_TYPE_INTERFACE' failed

(firefox:4386): GLib-GObject-CRITICAL **: g_type_add_interface_static: assertion 'g_type_parent (interface_type) == G_TYPE_INTERFACE' failed

(firefox:4386): GLib-GObject-CRITICAL **: g_type_add_interface_static: assertion 'g_type_parent (interface_type) == G_TYPE_INTERFACE' failed

(firefox:4386): GLib-GObject-CRITICAL **: g_type_add_interface_static: assertion 'g_type_parent (interface_type) == G_TYPE_INTERFACE' failed

(firefox:4386): GLib-GObject-CRITICAL **: g_type_add_interface_static: assertion 'g_type_parent (interface_type) == G_TYPE_INTERFACE' failed

(firefox:4386): GLib-GObject-CRITICAL **: g_type_add_interface_static: assertion 'g_type_parent (interface_type) == G_TYPE_INTERFACE' failed
1477510013832	geckodriver	INFO	Listening on 127.0.0.1:53712
1477510014832	mozprofile::profile	INFO	Using profile path /tmp/rust_mozprofile.KE2oocmkR4IQ
1477510014835	geckodriver::marionette	INFO	Starting browser /usr/bin/firefox
1477510014847	geckodriver::marionette	INFO	Connecting to Marionette on localhost:42974
1477510017068	Marionette	INFO	Listening on port 42974
1477510021032	Marionette	INFO	startBrowser ccc9b1c7-4d4a-4c15-b293-509c1ab75fef

(firefox:4583): GLib-GObject-CRITICAL **: g_type_add_interface_static: assertion 'g_type_parent (interface_type) == G_TYPE_INTERFACE' failed

(firefox:4583): GLib-GObject-CRITICAL **: g_type_add_interface_static: assertion 'g_type_parent (interface_type) == G_TYPE_INTERFACE' failed

(firefox:4583): GLib-GObject-CRITICAL **: g_type_add_interface_static: assertion 'g_type_parent (interface_type) == G_TYPE_INTERFACE' failed

(firefox:4583): GLib-GObject-CRITICAL **: g_type_add_interface_static: assertion 'g_type_parent (interface_type) == G_TYPE_INTERFACE' failed

(firefox:4583): GLib-GObject-CRITICAL **: g_type_add_interface_static: assertion 'g_type_parent (interface_type) == G_TYPE_INTERFACE' failed

(firefox:4583): GLib-GObject-CRITICAL **: g_type_add_interface_static: assertion 'g_type_parent (interface_type) == G_TYPE_INTERFACE' failed
1477510218388	geckodriver	INFO	Listening on 127.0.0.1:52433
1477510219387	mozprofile::profile	INFO	Using profile path /tmp/rust_mozprofile.68wODCb9ehLA
1477510219389	geckodriver::marionette	INFO	Starting browser /usr/bin/firefox
1477510219396	geckodriver::marionette	INFO	Connecting to Marionette on localhost:32829
1477510221540	Marionette	INFO	Listening on port 32829
1477510225312	Marionette	INFO	startBrowser 6fb40386-0e47-46ca-9adb-ab1fd0715859

(firefox:4780): GLib-GObject-CRITICAL **: g_type_add_interface_static: assertion 'g_type_parent (interface_type) == G_TYPE_INTERFACE' failed

(firefox:4780): GLib-GObject-CRITICAL **: g_type_add_interface_static: assertion 'g_type_parent (interface_type) == G_TYPE_INTERFACE' failed

(firefox:4780): GLib-GObject-CRITICAL **: g_type_add_interface_static: assertion 'g_type_parent (interface_type) == G_TYPE_INTERFACE' failed

(firefox:4780): GLib-GObject-CRITICAL **: g_type_add_interface_static: assertion 'g_type_parent (interface_type) == G_TYPE_INTERFACE' failed

(firefox:4780): GLib-GObject-CRITICAL **: g_type_add_interface_static: assertion 'g_type_parent (interface_type) == G_TYPE_INTERFACE' failed

(firefox:4780): GLib-GObject-CRITICAL **: g_type_add_interface_static: assertion 'g_type_parent (interface_type) == G_TYPE_INTERFACE' failed
JavaScript warning: http://www.inoreader.com/include/site_js/index_js.js?v=10.5.1&ts=1477458971, line 4262: unreachable code after return statement
JavaScript warning: http://www.inoreader.com/include/site_js/index_js.js?v=10.5.1&ts=1477458971, line 5432: unreachable code after return statement
JavaScript warning: http://www.inoreader.com/include/site_js/index_js.js?v=10.5.1&ts=1477458971, line 6943: unreachable code after return statement
JavaScript warning: http://www.inoreader.com/include/site_js/index_js.js?v=10.5.1&ts=1477458971, line 8554: unreachable code after return statement
JavaScript warning: http://www.inoreader.com/include/site_js/index_js.js?v=10.5.1&ts=1477458971, line 9423: unreachable code after return statement
JavaScript warning: http://www.inoreader.com/include/site_js/index_js.js?v=10.5.1&ts=1477458971, line 9559: unreachable code after return statement
JavaScript warning: http://www.inoreader.com/include/site_js/index_js.js?v=10.5.1&ts=1477458971, line 11182: unreachable code after return statement
JavaScript warning: http://www.inoreader.com/include/site_js/index_js.js?v=10.5.1&ts=1477458971, line 14323: unreachable code after return statement
JavaScript warning: http://www.inoreader.com/include/site_js/index_js.js?v=10.5.1&ts=1477458971, line 4262: unreachable code after return statement
JavaScript warning: http://www.inoreader.com/include/site_js/index_js.js?v=10.5.1&ts=1477458971, line 9559: unreachable code after return statement
JavaScript warning: http://www.inoreader.com/include/site_js/index_js.js?v=10.5.1&ts=1477458971, line 11182: unreachable code after return statement
JavaScript error: https://cstatic.weborama.fr/js/advertiserv2/adperf_core_1.0.0_scrambled.js, line 11: TypeError: this.x1hp is undefined
JavaScript error: https://cstatic.weborama.fr/js/advertiserv2/adperf_core_1.0.0_scrambled.js, line 11: TypeError: this.x1hp is undefined
JavaScript error: https://cstatic.weborama.fr/js/advertiserv2/adperf_core_1.0.0_scrambled.js, line 11: TypeError: this.x1hp is undefined
JavaScript error: https://cstatic.weborama.fr/js/advertiserv2/adperf_core_1.0.0_scrambled.js, line 11: TypeError: this.x1hp is undefined
*************************
A coding exception was thrown and uncaught in a Task.

Full message: TypeError: this.browser.getBrowserForTab is not a function
Full stack: hasRemotenessChange@chrome://marionette/content/browser.js:219:27
executeWhenReady@chrome://marionette/content/browser.js:250:9
GeckoDriver.prototype.sendAsync@chrome://marionette/content/driver.js:221:5
send/<@chrome://marionette/content/proxy.js:138:7
send@chrome://marionette/content/proxy.js:105:12
ownPriorityGetterTrap.get/<@chrome://marionette/content/proxy.js:24:25
GeckoDriver.prototype.sendKeysToElement@chrome://marionette/content/driver.js:2017:13
TaskImpl_run@resource://gre/modules/Task.jsm:319:40
TaskImpl@resource://gre/modules/Task.jsm:280:3
createAsyncFunction/asyncFunction@resource://gre/modules/Task.jsm:254:14
Task_spawn@resource://gre/modules/Task.jsm:168:12
TaskImpl_handleResultValue@resource://gre/modules/Task.jsm:388:16
TaskImpl_run@resource://gre/modules/Task.jsm:327:13
TaskImpl@resource://gre/modules/Task.jsm:280:3
createAsyncFunction/asyncFunction@resource://gre/modules/Task.jsm:254:14
Task_spawn@resource://gre/modules/Task.jsm:168:12
Dispatcher.prototype.execute@chrome://marionette/content/dispatcher.js:117:13
Dispatcher.prototype.onPacket@chrome://marionette/content/dispatcher.js:88:5
DebuggerTransport.prototype._onJSONObjectReady/<@chrome://marionette/content/server.js -> resource://devtools/shared/transport/transport.js:479:11
exports.makeInfallible/<@resource://gre/modules/commonjs/toolkit/loader.js -> resource://devtools/shared/ThreadSafeDevToolsUtils.js:101:14
exports.makeInfallible/<@resource://gre/modules/commonjs/toolkit/loader.js -> resource://devtools/shared/ThreadSafeDevToolsUtils.js:101:14

*************************
*************************
A coding exception was thrown and uncaught in a Task.

Full message: TypeError: this.browser.getBrowserForTab is not a function
Full stack: hasRemotenessChange@chrome://marionette/content/browser.js:219:27
executeWhenReady@chrome://marionette/content/browser.js:250:9
GeckoDriver.prototype.sendAsync@chrome://marionette/content/driver.js:221:5
send/<@chrome://marionette/content/proxy.js:138:7
send@chrome://marionette/content/proxy.js:105:12
ownPriorityGetterTrap.get/<@chrome://marionette/content/proxy.js:24:25
GeckoDriver.prototype.sendKeysToElement@chrome://marionette/content/driver.js:2017:13
TaskImpl_run@resource://gre/modules/Task.jsm:319:40
TaskImpl@resource://gre/modules/Task.jsm:280:3
createAsyncFunction/asyncFunction@resource://gre/modules/Task.jsm:254:14
Task_spawn@resource://gre/modules/Task.jsm:168:12
TaskImpl_handleResultValue@resource://gre/modules/Task.jsm:388:16
TaskImpl_run@resource://gre/modules/Task.jsm:327:13
TaskImpl@resource://gre/modules/Task.jsm:280:3
createAsyncFunction/asyncFunction@resource://gre/modules/Task.jsm:254:14
Task_spawn@resource://gre/modules/Task.jsm:168:12
Dispatcher.prototype.execute@chrome://marionette/content/dispatcher.js:117:13
Dispatcher.prototype.onPacket@chrome://marionette/content/dispatcher.js:88:5
DebuggerTransport.prototype._onJSONObjectReady/<@chrome://marionette/content/server.js -> resource://devtools/shared/transport/transport.js:479:11
exports.makeInfallible/<@resource://gre/modules/commonjs/toolkit/loader.js -> resource://devtools/shared/ThreadSafeDevToolsUtils.js:101:14
exports.makeInfallible/<@resource://gre/modules/commonjs/toolkit/loader.js -> resource://devtools/shared/ThreadSafeDevToolsUtils.js:101:14

*************************
*************************
A coding exception was thrown in a Promise rejection callback.
See https://developer.mozilla.org/Mozilla/JavaScript_code_modules/Promise.jsm/Promise

Full message: TypeError: this.browser.getBrowserForTab is not a function
Full stack: hasRemotenessChange@chrome://marionette/content/browser.js:219:27
executeWhenReady@chrome://marionette/content/browser.js:250:9
GeckoDriver.prototype.sendAsync@chrome://marionette/content/driver.js:221:5
send/<@chrome://marionette/content/proxy.js:138:7
send@chrome://marionette/content/proxy.js:105:12
ownPriorityGetterTrap.get/<@chrome://marionette/content/proxy.js:24:25
GeckoDriver.prototype.sendKeysToElement@chrome://marionette/content/driver.js:2017:13
TaskImpl_run@resource://gre/modules/Task.jsm:319:40
TaskImpl@resource://gre/modules/Task.jsm:280:3
createAsyncFunction/asyncFunction@resource://gre/modules/Task.jsm:254:14
Task_spawn@resource://gre/modules/Task.jsm:168:12
TaskImpl_handleResultValue@resource://gre/modules/Task.jsm:388:16
TaskImpl_run@resource://gre/modules/Task.jsm:327:13
TaskImpl@resource://gre/modules/Task.jsm:280:3
createAsyncFunction/asyncFunction@resource://gre/modules/Task.jsm:254:14
Task_spawn@resource://gre/modules/Task.jsm:168:12
Dispatcher.prototype.execute@chrome://marionette/content/dispatcher.js:117:13
Dispatcher.prototype.onPacket@chrome://marionette/content/dispatcher.js:88:5
DebuggerTransport.prototype._onJSONObjectReady/<@chrome://marionette/content/server.js -> resource://devtools/shared/transport/transport.js:479:11
exports.makeInfallible/<@resource://gre/modules/commonjs/toolkit/loader.js -> resource://devtools/shared/ThreadSafeDevToolsUtils.js:101:14
exports.makeInfallible/<@resource://gre/modules/commonjs/toolkit/loader.js -> resource://devtools/shared/ThreadSafeDevToolsUtils.js:101:14

*************************
Marionette threw an error: TypeError: this.browser.getBrowserForTab is not a function
hasRemotenessChange@chrome://marionette/content/browser.js:219:27
executeWhenReady@chrome://marionette/content/browser.js:250:9
GeckoDriver.prototype.sendAsync@chrome://marionette/content/driver.js:221:5
send/<@chrome://marionette/content/proxy.js:138:7
send@chrome://marionette/content/proxy.js:105:12
ownPriorityGetterTrap.get/<@chrome://marionette/content/proxy.js:24:25
GeckoDriver.prototype.sendKeysToElement@chrome://marionette/content/driver.js:2017:13
TaskImpl_run@resource://gre/modules/Task.jsm:319:40
TaskImpl@resource://gre/modules/Task.jsm:280:3
createAsyncFunction/asyncFunction@resource://gre/modules/Task.jsm:254:14
Task_spawn@resource://gre/modules/Task.jsm:168:12
TaskImpl_handleResultValue@resource://gre/modules/Task.jsm:388:16
TaskImpl_run@resource://gre/modules/Task.jsm:327:13
TaskImpl@resource://gre/modules/Task.jsm:280:3
createAsyncFunction/asyncFunction@resource://gre/modules/Task.jsm:254:14
Task_spawn@resource://gre/modules/Task.jsm:168:12
Dispatcher.prototype.execute@chrome://marionette/content/dispatcher.js:117:13
Dispatcher.prototype.onPacket@chrome://marionette/content/dispatcher.js:88:5
DebuggerTransport.prototype._onJSONObjectReady/<@chrome://marionette/content/server.js -> resource://devtools/shared/transport/transport.js:479:11
exports.makeInfallible/<@resource://gre/modules/commonjs/toolkit/loader.js -> resource://devtools/shared/ThreadSafeDevToolsUtils.js:101:14
exports.makeInfallible/<@resource://gre/modules/commonjs/toolkit/loader.js -> resource://devtools/shared/ThreadSafeDevToolsUtils.js:101:14

[Child 4828] WARNING: pipe error (14): Conexión reinicializada por la máquina remota: file /build/firefox-h19o_O/firefox-49.0+build4/ipc/chromium/src/chrome/common/ipc_channel_posix.cc, line 316

###!!! [Child][MessageChannel::SendAndWait] Error: Channel error: cannot send/recv


###!!! [Child][MessageChannel] Error: (msgtype=0x400003,name=PCompositable::Msg_Destroy) Channel error: cannot send/recv


###!!! [Child][MessageChannel] Error: (msgtype=0x900001,name=PLayer::Msg___delete__) Channel error: cannot send/recv


###!!! [Child][OnMaybeDequeueOne] Error: Channel error: cannot send/recv

[Child 4828] ###!!! ABORT: Aborting on channel error.: file /build/firefox-h19o_O/firefox-49.0+build4/ipc/glue/MessageChannel.cpp, line 2052
[Child 4828] ###!!! ABORT: Aborting on channel error.: file /build/firefox-h19o_O/firefox-49.0+build4/ipc/glue/MessageChannel.cpp, line 2052
1477510265943	geckodriver	INFO	Listening on 127.0.0.1:40187
1477510266941	mozprofile::profile	INFO	Using profile path /tmp/rust_mozprofile.FFOoNdILPm0c
1477510266944	geckodriver::marionette	INFO	Starting browser /usr/bin/firefox
1477510266951	geckodriver::marionette	INFO	Connecting to Marionette on localhost:44475
1477510269125	Marionette	INFO	Listening on port 44475
1477510272995	Marionette	INFO	startBrowser 5dda92da-4b8d-4cfa-b002-f7ad1436bc95

(firefox:4888): GLib-GObject-CRITICAL **: g_type_add_interface_static: assertion 'g_type_parent (interface_type) == G_TYPE_INTERFACE' failed

(firefox:4888): GLib-GObject-CRITICAL **: g_type_add_interface_static: assertion 'g_type_parent (interface_type) == G_TYPE_INTERFACE' failed

(firefox:4888): GLib-GObject-CRITICAL **: g_type_add_interface_static: assertion 'g_type_parent (interface_type) == G_TYPE_INTERFACE' failed

(firefox:4888): GLib-GObject-CRITICAL **: g_type_add_interface_static: assertion 'g_type_parent (interface_type) == G_TYPE_INTERFACE' failed

(firefox:4888): GLib-GObject-CRITICAL **: g_type_add_interface_static: assertion 'g_type_parent (interface_type) == G_TYPE_INTERFACE' failed

(firefox:4888): GLib-GObject-CRITICAL **: g_type_add_interface_static: assertion 'g_type_parent (interface_type) == G_TYPE_INTERFACE' failed
1477510313559	geckodriver	INFO	Listening on 127.0.0.1:46627
1477510314558	mozprofile::profile	INFO	Using profile path /tmp/rust_mozprofile.0E4PPUlquxoy
1477510314561	geckodriver::marionette	INFO	Starting browser /usr/bin/firefox
1477510314568	geckodriver::marionette	INFO	Connecting to Marionette on localhost:37132
1477510316711	Marionette	INFO	Listening on port 37132
1477510320545	Marionette	INFO	startBrowser 9e7c9aad-69b4-4c28-b8cb-61a49b40ac68

(firefox:4988): GLib-GObject-CRITICAL **: g_type_add_interface_static: assertion 'g_type_parent (interface_type) == G_TYPE_INTERFACE' failed

(firefox:4988): GLib-GObject-CRITICAL **: g_type_add_interface_static: assertion 'g_type_parent (interface_type) == G_TYPE_INTERFACE' failed

(firefox:4988): GLib-GObject-CRITICAL **: g_type_add_interface_static: assertion 'g_type_parent (interface_type) == G_TYPE_INTERFACE' failed

(firefox:4988): GLib-GObject-CRITICAL **: g_type_add_interface_static: assertion 'g_type_parent (interface_type) == G_TYPE_INTERFACE' failed

(firefox:4988): GLib-GObject-CRITICAL **: g_type_add_interface_static: assertion 'g_type_parent (interface_type) == G_TYPE_INTERFACE' failed

(firefox:4988): GLib-GObject-CRITICAL **: g_type_add_interface_static: assertion 'g_type_parent (interface_type) == G_TYPE_INTERFACE' failed

###!!! [Child][MessageChannel] Error: (msgtype=0x82000F,name=PHttpChannel::Msg___delete__) Channel closing: too late to send/recv, messages will be lost


###!!! [Child][MessageChannel] Error: (msgtype=0xA20027,name=PNecko::Msg_RemoveRequestContext) Channel closing: too late to send/recv, messages will be lost

1477510769985	geckodriver	INFO	Listening on 127.0.0.1:34208
1477510770984	mozprofile::profile	INFO	Using profile path /tmp/rust_mozprofile.Z0MdxIbZB4Eg
1477510770987	geckodriver::marionette	INFO	Starting browser /usr/bin/firefox
1477510770994	geckodriver::marionette	INFO	Connecting to Marionette on localhost:43319
1477510773222	Marionette	INFO	Listening on port 43319
1477510777197	Marionette	INFO	startBrowser a8498d01-5ed8-46e4-b375-fc76376c2449

(firefox:5388): GLib-GObject-CRITICAL **: g_type_add_interface_static: assertion 'g_type_parent (interface_type) == G_TYPE_INTERFACE' failed

(firefox:5388): GLib-GObject-CRITICAL **: g_type_add_interface_static: assertion 'g_type_parent (interface_type) == G_TYPE_INTERFACE' failed

(firefox:5388): GLib-GObject-CRITICAL **: g_type_add_interface_static: assertion 'g_type_parent (interface_type) == G_TYPE_INTERFACE' failed

(firefox:5388): GLib-GObject-CRITICAL **: g_type_add_interface_static: assertion 'g_type_parent (interface_type) == G_TYPE_INTERFACE' failed

(firefox:5388): GLib-GObject-CRITICAL **: g_type_add_interface_static: assertion 'g_type_parent (interface_type) == G_TYPE_INTERFACE' failed

(firefox:5388): GLib-GObject-CRITICAL **: g_type_add_interface_static: assertion 'g_type_parent (interface_type) == G_TYPE_INTERFACE' failed
JavaScript warning: http://www.inoreader.com/include/site_js/index_js.js?v=10.5.1&ts=1477458971, line 4262: unreachable code after return statement
JavaScript warning: http://www.inoreader.com/include/site_js/index_js.js?v=10.5.1&ts=1477458971, line 5432: unreachable code after return statement
JavaScript warning: http://www.inoreader.com/include/site_js/index_js.js?v=10.5.1&ts=1477458971, line 6943: unreachable code after return statement
JavaScript warning: http://www.inoreader.com/include/site_js/index_js.js?v=10.5.1&ts=1477458971, line 8554: unreachable code after return statement
JavaScript warning: http://www.inoreader.com/include/site_js/index_js.js?v=10.5.1&ts=1477458971, line 9423: unreachable code after return statement
JavaScript warning: http://www.inoreader.com/include/site_js/index_js.js?v=10.5.1&ts=1477458971, line 9559: unreachable code after return statement
JavaScript warning: http://www.inoreader.com/include/site_js/index_js.js?v=10.5.1&ts=1477458971, line 11182: unreachable code after return statement
JavaScript warning: http://www.inoreader.com/include/site_js/index_js.js?v=10.5.1&ts=1477458971, line 14323: unreachable code after return statement
JavaScript warning: http://www.inoreader.com/include/site_js/index_js.js?v=10.5.1&ts=1477458971, line 4262: unreachable code after return statement
JavaScript warning: http://www.inoreader.com/include/site_js/index_js.js?v=10.5.1&ts=1477458971, line 9559: unreachable code after return statement
JavaScript warning: http://www.inoreader.com/include/site_js/index_js.js?v=10.5.1&ts=1477458971, line 11182: unreachable code after return statement
*************************
A coding exception was thrown and uncaught in a Task.

Full message: TypeError: this.browser.getBrowserForTab is not a function
Full stack: hasRemotenessChange@chrome://marionette/content/browser.js:219:27
executeWhenReady@chrome://marionette/content/browser.js:250:9
GeckoDriver.prototype.sendAsync@chrome://marionette/content/driver.js:221:5
send/<@chrome://marionette/content/proxy.js:138:7
send@chrome://marionette/content/proxy.js:105:12
ownPriorityGetterTrap.get/<@chrome://marionette/content/proxy.js:24:25
GeckoDriver.prototype.sendKeysToElement@chrome://marionette/content/driver.js:2017:13
TaskImpl_run@resource://gre/modules/Task.jsm:319:40
TaskImpl@resource://gre/modules/Task.jsm:280:3
createAsyncFunction/asyncFunction@resource://gre/modules/Task.jsm:254:14
Task_spawn@resource://gre/modules/Task.jsm:168:12
TaskImpl_handleResultValue@resource://gre/modules/Task.jsm:388:16
TaskImpl_run@resource://gre/modules/Task.jsm:327:13
TaskImpl@resource://gre/modules/Task.jsm:280:3
createAsyncFunction/asyncFunction@resource://gre/modules/Task.jsm:254:14
Task_spawn@resource://gre/modules/Task.jsm:168:12
Dispatcher.prototype.execute@chrome://marionette/content/dispatcher.js:117:13
Dispatcher.prototype.onPacket@chrome://marionette/content/dispatcher.js:88:5
DebuggerTransport.prototype._onJSONObjectReady/<@chrome://marionette/content/server.js -> resource://devtools/shared/transport/transport.js:479:11
exports.makeInfallible/<@resource://gre/modules/commonjs/toolkit/loader.js -> resource://devtools/shared/ThreadSafeDevToolsUtils.js:101:14
exports.makeInfallible/<@resource://gre/modules/commonjs/toolkit/loader.js -> resource://devtools/shared/ThreadSafeDevToolsUtils.js:101:14

*************************
*************************
A coding exception was thrown and uncaught in a Task.

Full message: TypeError: this.browser.getBrowserForTab is not a function
Full stack: hasRemotenessChange@chrome://marionette/content/browser.js:219:27
executeWhenReady@chrome://marionette/content/browser.js:250:9
GeckoDriver.prototype.sendAsync@chrome://marionette/content/driver.js:221:5
send/<@chrome://marionette/content/proxy.js:138:7
send@chrome://marionette/content/proxy.js:105:12
ownPriorityGetterTrap.get/<@chrome://marionette/content/proxy.js:24:25
GeckoDriver.prototype.sendKeysToElement@chrome://marionette/content/driver.js:2017:13
TaskImpl_run@resource://gre/modules/Task.jsm:319:40
TaskImpl@resource://gre/modules/Task.jsm:280:3
createAsyncFunction/asyncFunction@resource://gre/modules/Task.jsm:254:14
Task_spawn@resource://gre/modules/Task.jsm:168:12
TaskImpl_handleResultValue@resource://gre/modules/Task.jsm:388:16
TaskImpl_run@resource://gre/modules/Task.jsm:327:13
TaskImpl@resource://gre/modules/Task.jsm:280:3
createAsyncFunction/asyncFunction@resource://gre/modules/Task.jsm:254:14
Task_spawn@resource://gre/modules/Task.jsm:168:12
Dispatcher.prototype.execute@chrome://marionette/content/dispatcher.js:117:13
Dispatcher.prototype.onPacket@chrome://marionette/content/dispatcher.js:88:5
DebuggerTransport.prototype._onJSONObjectReady/<@chrome://marionette/content/server.js -> resource://devtools/shared/transport/transport.js:479:11
exports.makeInfallible/<@resource://gre/modules/commonjs/toolkit/loader.js -> resource://devtools/shared/ThreadSafeDevToolsUtils.js:101:14
exports.makeInfallible/<@resource://gre/modules/commonjs/toolkit/loader.js -> resource://devtools/shared/ThreadSafeDevToolsUtils.js:101:14

*************************
*************************
A coding exception was thrown in a Promise rejection callback.
See https://developer.mozilla.org/Mozilla/JavaScript_code_modules/Promise.jsm/Promise

Full message: TypeError: this.browser.getBrowserForTab is not a function
Full stack: hasRemotenessChange@chrome://marionette/content/browser.js:219:27
executeWhenReady@chrome://marionette/content/browser.js:250:9
GeckoDriver.prototype.sendAsync@chrome://marionette/content/driver.js:221:5
send/<@chrome://marionette/content/proxy.js:138:7
send@chrome://marionette/content/proxy.js:105:12
ownPriorityGetterTrap.get/<@chrome://marionette/content/proxy.js:24:25
GeckoDriver.prototype.sendKeysToElement@chrome://marionette/content/driver.js:2017:13
TaskImpl_run@resource://gre/modules/Task.jsm:319:40
TaskImpl@resource://gre/modules/Task.jsm:280:3
createAsyncFunction/asyncFunction@resource://gre/modules/Task.jsm:254:14
Task_spawn@resource://gre/modules/Task.jsm:168:12
TaskImpl_handleResultValue@resource://gre/modules/Task.jsm:388:16
TaskImpl_run@resource://gre/modules/Task.jsm:327:13
TaskImpl@resource://gre/modules/Task.jsm:280:3
createAsyncFunction/asyncFunction@resource://gre/modules/Task.jsm:254:14
Task_spawn@resource://gre/modules/Task.jsm:168:12
Dispatcher.prototype.execute@chrome://marionette/content/dispatcher.js:117:13
Dispatcher.prototype.onPacket@chrome://marionette/content/dispatcher.js:88:5
DebuggerTransport.prototype._onJSONObjectReady/<@chrome://marionette/content/server.js -> resource://devtools/shared/transport/transport.js:479:11
exports.makeInfallible/<@resource://gre/modules/commonjs/toolkit/loader.js -> resource://devtools/shared/ThreadSafeDevToolsUtils.js:101:14
exports.makeInfallible/<@resource://gre/modules/commonjs/toolkit/loader.js -> resource://devtools/shared/ThreadSafeDevToolsUtils.js:101:14

*************************
Marionette threw an error: TypeError: this.browser.getBrowserForTab is not a function
hasRemotenessChange@chrome://marionette/content/browser.js:219:27
executeWhenReady@chrome://marionette/content/browser.js:250:9
GeckoDriver.prototype.sendAsync@chrome://marionette/content/driver.js:221:5
send/<@chrome://marionette/content/proxy.js:138:7
send@chrome://marionette/content/proxy.js:105:12
ownPriorityGetterTrap.get/<@chrome://marionette/content/proxy.js:24:25
GeckoDriver.prototype.sendKeysToElement@chrome://marionette/content/driver.js:2017:13
TaskImpl_run@resource://gre/modules/Task.jsm:319:40
TaskImpl@resource://gre/modules/Task.jsm:280:3
createAsyncFunction/asyncFunction@resource://gre/modules/Task.jsm:254:14
Task_spawn@resource://gre/modules/Task.jsm:168:12
TaskImpl_handleResultValue@resource://gre/modules/Task.jsm:388:16
TaskImpl_run@resource://gre/modules/Task.jsm:327:13
TaskImpl@resource://gre/modules/Task.jsm:280:3
createAsyncFunction/asyncFunction@resource://gre/modules/Task.jsm:254:14
Task_spawn@resource://gre/modules/Task.jsm:168:12
Dispatcher.prototype.execute@chrome://marionette/content/dispatcher.js:117:13
Dispatcher.prototype.onPacket@chrome://marionette/content/dispatcher.js:88:5
DebuggerTransport.prototype._onJSONObjectReady/<@chrome://marionette/content/server.js -> resource://devtools/shared/transport/transport.js:479:11
exports.makeInfallible/<@resource://gre/modules/commonjs/toolkit/loader.js -> resource://devtools/shared/ThreadSafeDevToolsUtils.js:101:14
exports.makeInfallible/<@resource://gre/modules/commonjs/toolkit/loader.js -> resource://devtools/shared/ThreadSafeDevToolsUtils.js:101:14

[Child 5437] ###!!! ABORT: Aborting on channel error.: file /build/firefox-h19o_O/firefox-49.0+build4/ipc/glue/MessageChannel.cpp, line 2052
[Child 5437] ###!!! ABORT: Aborting on channel error.: file /build/firefox-h19o_O/firefox-49.0+build4/ipc/glue/MessageChannel.cpp, line 2052

###!!! [Child][MessageChannel] Error: (msgtype=0x920016,name=PLayerTransaction::Msg_ClearCachedResources) Channel error: cannot send/recv

1477510843781	geckodriver	INFO	Listening on 127.0.0.1:52091
1477510844773	mozprofile::profile	INFO	Using profile path /tmp/rust_mozprofile.OZd3ZcQg7UlI
1477510844776	geckodriver::marionette	INFO	Starting browser /usr/bin/firefox
1477510844783	geckodriver::marionette	INFO	Connecting to Marionette on localhost:45481
1477510846818	Marionette	INFO	Listening on port 45481
1477510850994	Marionette	INFO	startBrowser 8b91409f-0b58-4112-bdcb-ac26d4d4ec57

(firefox:5496): GLib-GObject-CRITICAL **: g_type_add_interface_static: assertion 'g_type_parent (interface_type) == G_TYPE_INTERFACE' failed

(firefox:5496): GLib-GObject-CRITICAL **: g_type_add_interface_static: assertion 'g_type_parent (interface_type) == G_TYPE_INTERFACE' failed

(firefox:5496): GLib-GObject-CRITICAL **: g_type_add_interface_static: assertion 'g_type_parent (interface_type) == G_TYPE_INTERFACE' failed

(firefox:5496): GLib-GObject-CRITICAL **: g_type_add_interface_static: assertion 'g_type_parent (interface_type) == G_TYPE_INTERFACE' failed

(firefox:5496): GLib-GObject-CRITICAL **: g_type_add_interface_static: assertion 'g_type_parent (interface_type) == G_TYPE_INTERFACE' failed

(firefox:5496): GLib-GObject-CRITICAL **: g_type_add_interface_static: assertion 'g_type_parent (interface_type) == G_TYPE_INTERFACE' failed
JavaScript warning: http://www.inoreader.com/include/site_js/index_js.js?v=10.5.1&ts=1477458971, line 4262: unreachable code after return statement
JavaScript warning: http://www.inoreader.com/include/site_js/index_js.js?v=10.5.1&ts=1477458971, line 5432: unreachable code after return statement
JavaScript warning: http://www.inoreader.com/include/site_js/index_js.js?v=10.5.1&ts=1477458971, line 6943: unreachable code after return statement
JavaScript warning: http://www.inoreader.com/include/site_js/index_js.js?v=10.5.1&ts=1477458971, line 8554: unreachable code after return statement
JavaScript warning: http://www.inoreader.com/include/site_js/index_js.js?v=10.5.1&ts=1477458971, line 9423: unreachable code after return statement
JavaScript warning: http://www.inoreader.com/include/site_js/index_js.js?v=10.5.1&ts=1477458971, line 9559: unreachable code after return statement
JavaScript warning: http://www.inoreader.com/include/site_js/index_js.js?v=10.5.1&ts=1477458971, line 11182: unreachable code after return statement
JavaScript warning: http://www.inoreader.com/include/site_js/index_js.js?v=10.5.1&ts=1477458971, line 14323: unreachable code after return statement
JavaScript warning: http://www.inoreader.com/include/site_js/index_js.js?v=10.5.1&ts=1477458971, line 4262: unreachable code after return statement
JavaScript warning: http://www.inoreader.com/include/site_js/index_js.js?v=10.5.1&ts=1477458971, line 9559: unreachable code after return statement
JavaScript warning: http://www.inoreader.com/include/site_js/index_js.js?v=10.5.1&ts=1477458971, line 11182: unreachable code after return statement
*************************
A coding exception was thrown and uncaught in a Task.

Full message: TypeError: this.browser.getBrowserForTab is not a function
Full stack: hasRemotenessChange@chrome://marionette/content/browser.js:219:27
executeWhenReady@chrome://marionette/content/browser.js:250:9
GeckoDriver.prototype.sendAsync@chrome://marionette/content/driver.js:221:5
send/<@chrome://marionette/content/proxy.js:138:7
send@chrome://marionette/content/proxy.js:105:12
ownPriorityGetterTrap.get/<@chrome://marionette/content/proxy.js:24:25
GeckoDriver.prototype.sendKeysToElement@chrome://marionette/content/driver.js:2017:13
TaskImpl_run@resource://gre/modules/Task.jsm:319:40
TaskImpl@resource://gre/modules/Task.jsm:280:3
createAsyncFunction/asyncFunction@resource://gre/modules/Task.jsm:254:14
Task_spawn@resource://gre/modules/Task.jsm:168:12
TaskImpl_handleResultValue@resource://gre/modules/Task.jsm:388:16
TaskImpl_run@resource://gre/modules/Task.jsm:327:13
TaskImpl@resource://gre/modules/Task.jsm:280:3
createAsyncFunction/asyncFunction@resource://gre/modules/Task.jsm:254:14
Task_spawn@resource://gre/modules/Task.jsm:168:12
Dispatcher.prototype.execute@chrome://marionette/content/dispatcher.js:117:13
Dispatcher.prototype.onPacket@chrome://marionette/content/dispatcher.js:88:5
DebuggerTransport.prototype._onJSONObjectReady/<@chrome://marionette/content/server.js -> resource://devtools/shared/transport/transport.js:479:11
exports.makeInfallible/<@resource://gre/modules/commonjs/toolkit/loader.js -> resource://devtools/shared/ThreadSafeDevToolsUtils.js:101:14
exports.makeInfallible/<@resource://gre/modules/commonjs/toolkit/loader.js -> resource://devtools/shared/ThreadSafeDevToolsUtils.js:101:14

*************************
*************************
A coding exception was thrown and uncaught in a Task.

Full message: TypeError: this.browser.getBrowserForTab is not a function
Full stack: hasRemotenessChange@chrome://marionette/content/browser.js:219:27
executeWhenReady@chrome://marionette/content/browser.js:250:9
GeckoDriver.prototype.sendAsync@chrome://marionette/content/driver.js:221:5
send/<@chrome://marionette/content/proxy.js:138:7
send@chrome://marionette/content/proxy.js:105:12
ownPriorityGetterTrap.get/<@chrome://marionette/content/proxy.js:24:25
GeckoDriver.prototype.sendKeysToElement@chrome://marionette/content/driver.js:2017:13
TaskImpl_run@resource://gre/modules/Task.jsm:319:40
TaskImpl@resource://gre/modules/Task.jsm:280:3
createAsyncFunction/asyncFunction@resource://gre/modules/Task.jsm:254:14
Task_spawn@resource://gre/modules/Task.jsm:168:12
TaskImpl_handleResultValue@resource://gre/modules/Task.jsm:388:16
TaskImpl_run@resource://gre/modules/Task.jsm:327:13
TaskImpl@resource://gre/modules/Task.jsm:280:3
createAsyncFunction/asyncFunction@resource://gre/modules/Task.jsm:254:14
Task_spawn@resource://gre/modules/Task.jsm:168:12
Dispatcher.prototype.execute@chrome://marionette/content/dispatcher.js:117:13
Dispatcher.prototype.onPacket@chrome://marionette/content/dispatcher.js:88:5
DebuggerTransport.prototype._onJSONObjectReady/<@chrome://marionette/content/server.js -> resource://devtools/shared/transport/transport.js:479:11
exports.makeInfallible/<@resource://gre/modules/commonjs/toolkit/loader.js -> resource://devtools/shared/ThreadSafeDevToolsUtils.js:101:14
exports.makeInfallible/<@resource://gre/modules/commonjs/toolkit/loader.js -> resource://devtools/shared/ThreadSafeDevToolsUtils.js:101:14

*************************
*************************
A coding exception was thrown in a Promise rejection callback.
See https://developer.mozilla.org/Mozilla/JavaScript_code_modules/Promise.jsm/Promise

Full message: TypeError: this.browser.getBrowserForTab is not a function
Full stack: hasRemotenessChange@chrome://marionette/content/browser.js:219:27
executeWhenReady@chrome://marionette/content/browser.js:250:9
GeckoDriver.prototype.sendAsync@chrome://marionette/content/driver.js:221:5
send/<@chrome://marionette/content/proxy.js:138:7
send@chrome://marionette/content/proxy.js:105:12
ownPriorityGetterTrap.get/<@chrome://marionette/content/proxy.js:24:25
GeckoDriver.prototype.sendKeysToElement@chrome://marionette/content/driver.js:2017:13
TaskImpl_run@resource://gre/modules/Task.jsm:319:40
TaskImpl@resource://gre/modules/Task.jsm:280:3
createAsyncFunction/asyncFunction@resource://gre/modules/Task.jsm:254:14
Task_spawn@resource://gre/modules/Task.jsm:168:12
TaskImpl_handleResultValue@resource://gre/modules/Task.jsm:388:16
TaskImpl_run@resource://gre/modules/Task.jsm:327:13
TaskImpl@resource://gre/modules/Task.jsm:280:3
createAsyncFunction/asyncFunction@resource://gre/modules/Task.jsm:254:14
Task_spawn@resource://gre/modules/Task.jsm:168:12
Dispatcher.prototype.execute@chrome://marionette/content/dispatcher.js:117:13
Dispatcher.prototype.onPacket@chrome://marionette/content/dispatcher.js:88:5
DebuggerTransport.prototype._onJSONObjectReady/<@chrome://marionette/content/server.js -> resource://devtools/shared/transport/transport.js:479:11
exports.makeInfallible/<@resource://gre/modules/commonjs/toolkit/loader.js -> resource://devtools/shared/ThreadSafeDevToolsUtils.js:101:14
exports.makeInfallible/<@resource://gre/modules/commonjs/toolkit/loader.js -> resource://devtools/shared/ThreadSafeDevToolsUtils.js:101:14

*************************
Marionette threw an error: TypeError: this.browser.getBrowserForTab is not a function
hasRemotenessChange@chrome://marionette/content/browser.js:219:27
executeWhenReady@chrome://marionette/content/browser.js:250:9
GeckoDriver.prototype.sendAsync@chrome://marionette/content/driver.js:221:5
send/<@chrome://marionette/content/proxy.js:138:7
send@chrome://marionette/content/proxy.js:105:12
ownPriorityGetterTrap.get/<@chrome://marionette/content/proxy.js:24:25
GeckoDriver.prototype.sendKeysToElement@chrome://marionette/content/driver.js:2017:13
TaskImpl_run@resource://gre/modules/Task.jsm:319:40
TaskImpl@resource://gre/modules/Task.jsm:280:3
createAsyncFunction/asyncFunction@resource://gre/modules/Task.jsm:254:14
Task_spawn@resource://gre/modules/Task.jsm:168:12
TaskImpl_handleResultValue@resource://gre/modules/Task.jsm:388:16
TaskImpl_run@resource://gre/modules/Task.jsm:327:13
TaskImpl@resource://gre/modules/Task.jsm:280:3
createAsyncFunction/asyncFunction@resource://gre/modules/Task.jsm:254:14
Task_spawn@resource://gre/modules/Task.jsm:168:12
Dispatcher.prototype.execute@chrome://marionette/content/dispatcher.js:117:13
Dispatcher.prototype.onPacket@chrome://marionette/content/dispatcher.js:88:5
DebuggerTransport.prototype._onJSONObjectReady/<@chrome://marionette/content/server.js -> resource://devtools/shared/transport/transport.js:479:11
exports.makeInfallible/<@resource://gre/modules/commonjs/toolkit/loader.js -> resource://devtools/shared/ThreadSafeDevToolsUtils.js:101:14
exports.makeInfallible/<@resource://gre/modules/commonjs/toolkit/loader.js -> resource://devtools/shared/ThreadSafeDevToolsUtils.js:101:14

[Child 5556] WARNING: pipe error (3): Conexión reinicializada por la máquina remota: file /build/firefox-h19o_O/firefox-49.0+build4/ipc/chromium/src/chrome/common/ipc_channel_posix.cc, line 316
[Child 5556] ###!!! ABORT: Aborting on channel error.: file /build/firefox-h19o_O/firefox-49.0+build4/ipc/glue/MessageChannel.cpp, line 2052
[Child 5556] ###!!! ABORT: Aborting on channel error.: file /build/firefox-h19o_O/firefox-49.0+build4/ipc/glue/MessageChannel.cpp, line 2052
1477510902019	geckodriver	INFO	Listening on 127.0.0.1:32865
1477510903019	mozprofile::profile	INFO	Using profile path /tmp/rust_mozprofile.9y1CfLOkT0M1
1477510903021	geckodriver::marionette	INFO	Starting browser /usr/bin/firefox
1477510903027	geckodriver::marionette	INFO	Connecting to Marionette on localhost:37947
1477510905279	Marionette	INFO	Listening on port 37947
1477510909367	Marionette	INFO	startBrowser 23a41445-7c55-4953-9b0b-ec786da7faa3

(firefox:5609): GLib-GObject-CRITICAL **: g_type_add_interface_static: assertion 'g_type_parent (interface_type) == G_TYPE_INTERFACE' failed

(firefox:5609): GLib-GObject-CRITICAL **: g_type_add_interface_static: assertion 'g_type_parent (interface_type) == G_TYPE_INTERFACE' failed

(firefox:5609): GLib-GObject-CRITICAL **: g_type_add_interface_static: assertion 'g_type_parent (interface_type) == G_TYPE_INTERFACE' failed

(firefox:5609): GLib-GObject-CRITICAL **: g_type_add_interface_static: assertion 'g_type_parent (interface_type) == G_TYPE_INTERFACE' failed

(firefox:5609): GLib-GObject-CRITICAL **: g_type_add_interface_static: assertion 'g_type_parent (interface_type) == G_TYPE_INTERFACE' failed

(firefox:5609): GLib-GObject-CRITICAL **: g_type_add_interface_static: assertion 'g_type_parent (interface_type) == G_TYPE_INTERFACE' failed
JavaScript warning: http://www.inoreader.com/include/site_js/index_js.js?v=10.5.1&ts=1477458971, line 4262: unreachable code after return statement
JavaScript warning: http://www.inoreader.com/include/site_js/index_js.js?v=10.5.1&ts=1477458971, line 5432: unreachable code after return statement
JavaScript warning: http://www.inoreader.com/include/site_js/index_js.js?v=10.5.1&ts=1477458971, line 6943: unreachable code after return statement
JavaScript warning: http://www.inoreader.com/include/site_js/index_js.js?v=10.5.1&ts=1477458971, line 8554: unreachable code after return statement
JavaScript warning: http://www.inoreader.com/include/site_js/index_js.js?v=10.5.1&ts=1477458971, line 9423: unreachable code after return statement
JavaScript warning: http://www.inoreader.com/include/site_js/index_js.js?v=10.5.1&ts=1477458971, line 9559: unreachable code after return statement
JavaScript warning: http://www.inoreader.com/include/site_js/index_js.js?v=10.5.1&ts=1477458971, line 11182: unreachable code after return statement
JavaScript warning: http://www.inoreader.com/include/site_js/index_js.js?v=10.5.1&ts=1477458971, line 14323: unreachable code after return statement
JavaScript warning: http://www.inoreader.com/include/site_js/index_js.js?v=10.5.1&ts=1477458971, line 4262: unreachable code after return statement
JavaScript warning: http://www.inoreader.com/include/site_js/index_js.js?v=10.5.1&ts=1477458971, line 9559: unreachable code after return statement
JavaScript warning: http://www.inoreader.com/include/site_js/index_js.js?v=10.5.1&ts=1477458971, line 11182: unreachable code after return statement

###!!! [Child][MessageChannel] Error: (msgtype=0x4600BB,name=PContent::Msg_ConsoleMessage) Channel closing: too late to send/recv, messages will be lost


###!!! [Child][OnMaybeDequeueOne] Error: Channel closing: too late to send/recv, messages will be lost

1477510999671	geckodriver	INFO	Listening on 127.0.0.1:60229
1477511000670	mozprofile::profile	INFO	Using profile path /tmp/rust_mozprofile.CdUidp9XtZ31
1477511000673	geckodriver::marionette	INFO	Starting browser /usr/bin/firefox
1477511000679	geckodriver::marionette	INFO	Connecting to Marionette on localhost:43803
1477511002758	Marionette	INFO	Listening on port 43803
1477511006584	Marionette	INFO	startBrowser 55819f4d-16fd-4e87-92a2-6d96bc50f8ad

(firefox:5721): GLib-GObject-CRITICAL **: g_type_add_interface_static: assertion 'g_type_parent (interface_type) == G_TYPE_INTERFACE' failed

(firefox:5721): GLib-GObject-CRITICAL **: g_type_add_interface_static: assertion 'g_type_parent (interface_type) == G_TYPE_INTERFACE' failed

(firefox:5721): GLib-GObject-CRITICAL **: g_type_add_interface_static: assertion 'g_type_parent (interface_type) == G_TYPE_INTERFACE' failed

(firefox:5721): GLib-GObject-CRITICAL **: g_type_add_interface_static: assertion 'g_type_parent (interface_type) == G_TYPE_INTERFACE' failed

(firefox:5721): GLib-GObject-CRITICAL **: g_type_add_interface_static: assertion 'g_type_parent (interface_type) == G_TYPE_INTERFACE' failed

(firefox:5721): GLib-GObject-CRITICAL **: g_type_add_interface_static: assertion 'g_type_parent (interface_type) == G_TYPE_INTERFACE' failed
JavaScript warning: http://www.inoreader.com/include/site_js/index_js.js?v=10.5.1&ts=1477458971, line 4262: unreachable code after return statement
JavaScript warning: http://www.inoreader.com/include/site_js/index_js.js?v=10.5.1&ts=1477458971, line 5432: unreachable code after return statement
JavaScript warning: http://www.inoreader.com/include/site_js/index_js.js?v=10.5.1&ts=1477458971, line 6943: unreachable code after return statement
JavaScript warning: http://www.inoreader.com/include/site_js/index_js.js?v=10.5.1&ts=1477458971, line 8554: unreachable code after return statement
JavaScript warning: http://www.inoreader.com/include/site_js/index_js.js?v=10.5.1&ts=1477458971, line 9423: unreachable code after return statement
JavaScript warning: http://www.inoreader.com/include/site_js/index_js.js?v=10.5.1&ts=1477458971, line 9559: unreachable code after return statement
JavaScript warning: http://www.inoreader.com/include/site_js/index_js.js?v=10.5.1&ts=1477458971, line 11182: unreachable code after return statement
JavaScript warning: http://www.inoreader.com/include/site_js/index_js.js?v=10.5.1&ts=1477458971, line 14323: unreachable code after return statement
JavaScript warning: http://www.inoreader.com/include/site_js/index_js.js?v=10.5.1&ts=1477458971, line 4262: unreachable code after return statement
JavaScript warning: http://www.inoreader.com/include/site_js/index_js.js?v=10.5.1&ts=1477458971, line 9559: unreachable code after return statement
JavaScript warning: http://www.inoreader.com/include/site_js/index_js.js?v=10.5.1&ts=1477458971, line 11182: unreachable code after return statement

###!!! [Child][OnMaybeDequeueOne] Error: Channel closing: too late to send/recv, messages will be lost


###!!! [Child][OnMaybeDequeueOne] Error: Channel closing: too late to send/recv, messages will be lost


###!!! [Child][MessageChannel] Error: (msgtype=0x820007,name=PHttpChannel::Msg_Cancel) Channel closing: too late to send/recv, messages will be lost


###!!! [Child][MessageChannel] Error: (msgtype=0x460112,name=PContent::Msg_AsyncMessage) Channel closing: too late to send/recv, messages will be lost

JavaScript error: chrome://global/content/process-content.js, line 30: NS_ERROR_UNEXPECTED: Component returned failure code: 0x8000ffff (NS_ERROR_UNEXPECTED) [nsIMessageSender.sendAsyncMessage]

###!!! [Child][MessageChannel] Error: (msgtype=0x460112,name=PContent::Msg_AsyncMessage) Channel closing: too late to send/recv, messages will be lost

JavaScript error: chrome://global/content/process-content.js, line 30: NS_ERROR_UNEXPECTED: Component returned failure code: 0x8000ffff (NS_ERROR_UNEXPECTED) [nsIMessageSender.sendAsyncMessage]

###!!! [Child][MessageChannel] Error: (msgtype=0x460112,name=PContent::Msg_AsyncMessage) Channel closing: too late to send/recv, messages will be lost

JavaScript error: chrome://global/content/process-content.js, line 30: NS_ERROR_UNEXPECTED: Component returned failure code: 0x8000ffff (NS_ERROR_UNEXPECTED) [nsIMessageSender.sendAsyncMessage]

###!!! [Child][MessageChannel] Error: (msgtype=0x460112,name=PContent::Msg_AsyncMessage) Channel closing: too late to send/recv, messages will be lost

JavaScript error: chrome://global/content/process-content.js, line 30: NS_ERROR_UNEXPECTED: Component returned failure code: 0x8000ffff (NS_ERROR_UNEXPECTED) [nsIMessageSender.sendAsyncMessage]

###!!! [Child][MessageChannel] Error: (msgtype=0x460112,name=PContent::Msg_AsyncMessage) Channel closing: too late to send/recv, messages will be lost

JavaScript error: chrome://global/content/process-content.js, line 30: NS_ERROR_UNEXPECTED: Component returned failure code: 0x8000ffff (NS_ERROR_UNEXPECTED) [nsIMessageSender.sendAsyncMessage]

###!!! [Child][MessageChannel] Error: (msgtype=0x460112,name=PContent::Msg_AsyncMessage) Channel closing: too late to send/recv, messages will be lost

JavaScript error: chrome://global/content/process-content.js, line 30: NS_ERROR_UNEXPECTED: Component returned failure code: 0x8000ffff (NS_ERROR_UNEXPECTED) [nsIMessageSender.sendAsyncMessage]

###!!! [Child][MessageChannel] Error: (msgtype=0x460112,name=PContent::Msg_AsyncMessage) Channel closing: too late to send/recv, messages will be lost

JavaScript error: chrome://global/content/process-content.js, line 30: NS_ERROR_UNEXPECTED: Component returned failure code: 0x8000ffff (NS_ERROR_UNEXPECTED) [nsIMessageSender.sendAsyncMessage]

###!!! [Child][MessageChannel] Error: (msgtype=0x460112,name=PContent::Msg_AsyncMessage) Channel closing: too late to send/recv, messages will be lost

JavaScript error: chrome://global/content/process-content.js, line 30: NS_ERROR_UNEXPECTED: Component returned failure code: 0x8000ffff (NS_ERROR_UNEXPECTED) [nsIMessageSender.sendAsyncMessage]

###!!! [Child][MessageChannel] Error: (msgtype=0x460112,name=PContent::Msg_AsyncMessage) Channel closing: too late to send/recv, messages will be lost

JavaScript error: chrome://global/content/process-content.js, line 30: NS_ERROR_UNEXPECTED: Component returned failure code: 0x8000ffff (NS_ERROR_UNEXPECTED) [nsIMessageSender.sendAsyncMessage]

###!!! [Child][MessageChannel] Error: (msgtype=0x460112,name=PContent::Msg_AsyncMessage) Channel closing: too late to send/recv, messages will be lost

JavaScript error: chrome://global/content/process-content.js, line 30: NS_ERROR_UNEXPECTED: Component returned failure code: 0x8000ffff (NS_ERROR_UNEXPECTED) [nsIMessageSender.sendAsyncMessage]

###!!! [Child][MessageChannel] Error: (msgtype=0x460112,name=PContent::Msg_AsyncMessage) Channel closing: too late to send/recv, messages will be lost

JavaScript error: chrome://global/content/process-content.js, line 30: NS_ERROR_UNEXPECTED: Component returned failure code: 0x8000ffff (NS_ERROR_UNEXPECTED) [nsIMessageSender.sendAsyncMessage]

###!!! [Child][MessageChannel] Error: (msgtype=0x460112,name=PContent::Msg_AsyncMessage) Channel closing: too late to send/recv, messages will be lost

JavaScript error: chrome://global/content/process-content.js, line 30: NS_ERROR_UNEXPECTED: Component returned failure code: 0x8000ffff (NS_ERROR_UNEXPECTED) [nsIMessageSender.sendAsyncMessage]

###!!! [Child][OnMaybeDequeueOne] Error: Channel closing: too late to send/recv, messages will be lost


###!!! [Child][MessageChannel] Error: (msgtype=0x2C0043,name=PBrowser::Msg___delete__) Channel closing: too late to send/recv, messages will be lost

1477511062717	geckodriver	INFO	Listening on 127.0.0.1:58242
1477511063717	mozprofile::profile	INFO	Using profile path /tmp/rust_mozprofile.A0YntR6exgh3
1477511063719	geckodriver::marionette	INFO	Starting browser /usr/bin/firefox
1477511063726	geckodriver::marionette	INFO	Connecting to Marionette on localhost:43056
1477511065853	Marionette	INFO	Listening on port 43056
1477511069958	Marionette	INFO	startBrowser 9461f7f7-75da-4900-9a3f-dbd2b547fe68

(firefox:5828): GLib-GObject-CRITICAL **: g_type_add_interface_static: assertion 'g_type_parent (interface_type) == G_TYPE_INTERFACE' failed

(firefox:5828): GLib-GObject-CRITICAL **: g_type_add_interface_static: assertion 'g_type_parent (interface_type) == G_TYPE_INTERFACE' failed

(firefox:5828): GLib-GObject-CRITICAL **: g_type_add_interface_static: assertion 'g_type_parent (interface_type) == G_TYPE_INTERFACE' failed

(firefox:5828): GLib-GObject-CRITICAL **: g_type_add_interface_static: assertion 'g_type_parent (interface_type) == G_TYPE_INTERFACE' failed

(firefox:5828): GLib-GObject-CRITICAL **: g_type_add_interface_static: assertion 'g_type_parent (interface_type) == G_TYPE_INTERFACE' failed

(firefox:5828): GLib-GObject-CRITICAL **: g_type_add_interface_static: assertion 'g_type_parent (interface_type) == G_TYPE_INTERFACE' failed
JavaScript warning: http://www.inoreader.com/include/site_js/index_js.js?v=10.5.1&ts=1477458971, line 4262: unreachable code after return statement
JavaScript warning: http://www.inoreader.com/include/site_js/index_js.js?v=10.5.1&ts=1477458971, line 5432: unreachable code after return statement
JavaScript warning: http://www.inoreader.com/include/site_js/index_js.js?v=10.5.1&ts=1477458971, line 6943: unreachable code after return statement
JavaScript warning: http://www.inoreader.com/include/site_js/index_js.js?v=10.5.1&ts=1477458971, line 8554: unreachable code after return statement
JavaScript warning: http://www.inoreader.com/include/site_js/index_js.js?v=10.5.1&ts=1477458971, line 9423: unreachable code after return statement
JavaScript warning: http://www.inoreader.com/include/site_js/index_js.js?v=10.5.1&ts=1477458971, line 9559: unreachable code after return statement
JavaScript warning: http://www.inoreader.com/include/site_js/index_js.js?v=10.5.1&ts=1477458971, line 11182: unreachable code after return statement
JavaScript warning: http://www.inoreader.com/include/site_js/index_js.js?v=10.5.1&ts=1477458971, line 14323: unreachable code after return statement
JavaScript warning: http://www.inoreader.com/include/site_js/index_js.js?v=10.5.1&ts=1477458971, line 4262: unreachable code after return statement
JavaScript warning: http://www.inoreader.com/include/site_js/index_js.js?v=10.5.1&ts=1477458971, line 9559: unreachable code after return statement
JavaScript warning: http://www.inoreader.com/include/site_js/index_js.js?v=10.5.1&ts=1477458971, line 11182: unreachable code after return statement
